{"name":"hexo","hostname":"AlexsMacBook-Pro.local","pid":47923,"level":20,"msg":"Hexo version: \u001b[35m3.2.2\u001b[39m","time":"2016-12-08T05:47:31.962Z","v":0}
{"name":"hexo","hostname":"AlexsMacBook-Pro.local","pid":47923,"level":20,"msg":"Working directory: \u001b[35m~/Workspace/Git/hexoblog/\u001b[39m","time":"2016-12-08T05:47:31.964Z","v":0}
{"name":"hexo","hostname":"AlexsMacBook-Pro.local","pid":47923,"level":20,"msg":"Config loaded: \u001b[35m~/Workspace/Git/hexoblog/_config.yml\u001b[39m","time":"2016-12-08T05:47:32.054Z","v":0}
{"name":"hexo","hostname":"AlexsMacBook-Pro.local","pid":47923,"level":20,"msg":"Script loaded: \u001b[35mthemes/next/scripts/tags/center-quote.js\u001b[39m","time":"2016-12-08T05:47:32.066Z","v":0}
{"name":"hexo","hostname":"AlexsMacBook-Pro.local","pid":47923,"level":20,"msg":"Script loaded: \u001b[35mthemes/next/scripts/merge-configs.js\u001b[39m","time":"2016-12-08T05:47:32.066Z","v":0}
{"name":"hexo","hostname":"AlexsMacBook-Pro.local","pid":47923,"level":20,"msg":"Script loaded: \u001b[35mthemes/next/scripts/tags/full-image.js\u001b[39m","time":"2016-12-08T05:47:32.067Z","v":0}
{"name":"hexo","hostname":"AlexsMacBook-Pro.local","pid":47923,"level":20,"msg":"Script loaded: \u001b[35mthemes/next/scripts/tags/group-pictures.js\u001b[39m","time":"2016-12-08T05:47:32.068Z","v":0}
{"name":"hexo","hostname":"AlexsMacBook-Pro.local","pid":47923,"level":20,"msg":"Plugin loaded: \u001b[35mhexo-deployer-ftpsync\u001b[39m","time":"2016-12-08T05:47:32.088Z","v":0}
{"name":"hexo","hostname":"AlexsMacBook-Pro.local","pid":47923,"level":20,"msg":"Plugin loaded: \u001b[35mhexo-generator-archive\u001b[39m","time":"2016-12-08T05:47:32.091Z","v":0}
{"name":"hexo","hostname":"AlexsMacBook-Pro.local","pid":47923,"level":20,"msg":"Plugin loaded: \u001b[35mhexo-deployer-git\u001b[39m","time":"2016-12-08T05:47:32.301Z","v":0}
{"name":"hexo","hostname":"AlexsMacBook-Pro.local","pid":47923,"level":20,"msg":"Plugin loaded: \u001b[35mhexo-generator-category\u001b[39m","time":"2016-12-08T05:47:32.303Z","v":0}
{"name":"hexo","hostname":"AlexsMacBook-Pro.local","pid":47923,"level":20,"msg":"Plugin loaded: \u001b[35mhexo-generator-feed\u001b[39m","time":"2016-12-08T05:47:32.415Z","v":0}
{"name":"hexo","hostname":"AlexsMacBook-Pro.local","pid":47923,"level":20,"msg":"Plugin loaded: \u001b[35mhexo-generator-index\u001b[39m","time":"2016-12-08T05:47:32.417Z","v":0}
{"name":"hexo","hostname":"AlexsMacBook-Pro.local","pid":47923,"level":20,"msg":"Plugin loaded: \u001b[35mhexo-generator-tag\u001b[39m","time":"2016-12-08T05:47:32.419Z","v":0}
{"name":"hexo","hostname":"AlexsMacBook-Pro.local","pid":47923,"level":20,"msg":"Plugin loaded: \u001b[35mhexo-migrator-wordpress\u001b[39m","time":"2016-12-08T05:47:32.582Z","v":0}
{"name":"hexo","hostname":"AlexsMacBook-Pro.local","pid":47923,"level":20,"msg":"Plugin loaded: \u001b[35mhexo-renderer-ejs\u001b[39m","time":"2016-12-08T05:47:32.585Z","v":0}
{"name":"hexo","hostname":"AlexsMacBook-Pro.local","pid":47923,"level":20,"msg":"Plugin loaded: \u001b[35mhexo-renderer-marked\u001b[39m","time":"2016-12-08T05:47:32.662Z","v":0}
{"name":"hexo","hostname":"AlexsMacBook-Pro.local","pid":47923,"level":20,"msg":"Plugin loaded: \u001b[35mhexo-renderer-stylus\u001b[39m","time":"2016-12-08T05:47:32.663Z","v":0}
{"name":"hexo","hostname":"AlexsMacBook-Pro.local","pid":47923,"level":20,"msg":"Plugin loaded: \u001b[35mhexo-server\u001b[39m","time":"2016-12-08T05:47:32.768Z","v":0}
{"name":"hexo","hostname":"AlexsMacBook-Pro.local","pid":47923,"level":30,"msg":"Deploying: \u001b[35mgit\u001b[39m","time":"2016-12-08T05:47:32.770Z","v":0}
{"name":"hexo","hostname":"AlexsMacBook-Pro.local","pid":47923,"level":30,"msg":"Clearing .deploy_git folder...","time":"2016-12-08T05:47:32.778Z","v":0}
{"name":"hexo","hostname":"AlexsMacBook-Pro.local","pid":47923,"level":30,"msg":"Copying files from public folder...","time":"2016-12-08T05:47:32.831Z","v":0}
{"name":"hexo","hostname":"AlexsMacBook-Pro.local","pid":47923,"level":30,"msg":"Deploy done: \u001b[35mgit\u001b[39m","time":"2016-12-08T05:47:42.414Z","v":0}
{"name":"hexo","hostname":"AlexsMacBook-Pro.local","pid":47923,"level":30,"msg":"Deploying: \u001b[35mftpsync\u001b[39m","time":"2016-12-08T05:47:42.414Z","v":0}
{"name":"hexo","hostname":"AlexsMacBook-Pro.local","pid":47923,"level":60,"err":{"message":"550 Delete operation failed.","name":"Error","stack":"Error: 550 Delete operation failed.\n    at Ftp.parse (/Users/wangwc/Workspace/Git/hexoblog/node_modules/hexo-deployer-ftpsync/node_modules/ftpsync/node_modules/jsftp/lib/jsftp.js:233:11)\n    at Ftp.parseResponse (/Users/wangwc/Workspace/Git/hexoblog/node_modules/hexo-deployer-ftpsync/node_modules/ftpsync/node_modules/jsftp/lib/jsftp.js:148:8)\n    at Stream.<anonymous> (/Users/wangwc/Workspace/Git/hexoblog/node_modules/hexo-deployer-ftpsync/node_modules/ftpsync/node_modules/jsftp/lib/jsftp.js:119:24)\n    at emitOne (events.js:77:13)\n    at Stream.emit (events.js:169:7)\n    at Stream.reemit (/Users/wangwc/Workspace/Git/hexoblog/node_modules/hexo-deployer-ftpsync/node_modules/ftpsync/node_modules/jsftp/node_modules/event-stream/node_modules/duplexer/index.js:70:25)\n    at emitOne (events.js:77:13)\n    at Stream.emit (events.js:169:7)\n    at Stream.write (/Users/wangwc/Workspace/Git/hexoblog/node_modules/hexo-deployer-ftpsync/node_modules/ftpsync/node_modules/jsftp/node_modules/event-stream/index.js:192:12)\n    at Stream.stream.write (/Users/wangwc/Workspace/Git/hexoblog/node_modules/hexo-deployer-ftpsync/node_modules/ftpsync/node_modules/jsftp/node_modules/event-stream/node_modules/through/index.js:26:11)\n    at Stream.ondata (stream.js:31:26)\n    at emitOne (events.js:77:13)\n    at Stream.emit (events.js:169:7)\n    at drain (/Users/wangwc/Workspace/Git/hexoblog/node_modules/hexo-deployer-ftpsync/node_modules/ftpsync/node_modules/jsftp/node_modules/event-stream/node_modules/through/index.js:36:16)\n    at Stream.stream.queue.stream.push (/Users/wangwc/Workspace/Git/hexoblog/node_modules/hexo-deployer-ftpsync/node_modules/ftpsync/node_modules/jsftp/node_modules/event-stream/node_modules/through/index.js:45:5)\n    at emit (/Users/wangwc/Workspace/Git/hexoblog/node_modules/hexo-deployer-ftpsync/node_modules/ftpsync/node_modules/jsftp/node_modules/event-stream/node_modules/split/index.js:35:14)\n    at next (/Users/wangwc/Workspace/Git/hexoblog/node_modules/hexo-deployer-ftpsync/node_modules/ftpsync/node_modules/jsftp/node_modules/event-stream/node_modules/split/index.js:44:7)\n    at Stream.<anonymous> (/Users/wangwc/Workspace/Git/hexoblog/node_modules/hexo-deployer-ftpsync/node_modules/ftpsync/node_modules/jsftp/node_modules/event-stream/node_modules/split/index.js:49:5)\n    at Stream.stream.write (/Users/wangwc/Workspace/Git/hexoblog/node_modules/hexo-deployer-ftpsync/node_modules/ftpsync/node_modules/jsftp/node_modules/event-stream/node_modules/through/index.js:26:11)\n    at Socket.ondata (_stream_readable.js:536:20)\n    at emitOne (events.js:77:13)\n    at Socket.emit (events.js:169:7)\n    at readableAddChunk (_stream_readable.js:153:18)\n    at Socket.Readable.push (_stream_readable.js:111:10)\n    at TCP.onread (net.js:531:20)","code":550},"msg":"Something's wrong. Maybe you can find the solution here: \u001b[4mhttp://hexo.io/docs/troubleshooting.html\u001b[24m","time":"2016-12-08T05:48:24.292Z","v":0}
{"name":"hexo","hostname":"AlexsMacBook-Pro.local","pid":47923,"level":20,"msg":"Database saved","time":"2016-12-08T05:48:24.294Z","v":0}
